{"/Users/hasancan/Documents/projects/apc/fetchGihubIssue/src/common/color.ts": {"path":"/Users/hasancan/Documents/projects/apc/fetchGihubIssue/src/common/color.ts","statementMap":{"0":{"start":{"line":1,"column":21},"end":{"line":15,"column":1}}},"fnMap":{},"branchMap":{},"s":{"0":5},"f":{},"b":{},"_coverageSchema":"1a1c01bbd47fc00a2c39e90264f33305004495a9","hash":"ff6a052a9295d8362e4206abbfba6bc0dbed89ed"}
,"/Users/hasancan/Documents/projects/apc/fetchGihubIssue/src/components/atoms/Input.tsx": {"path":"/Users/hasancan/Documents/projects/apc/fetchGihubIssue/src/components/atoms/Input.tsx","statementMap":{"0":{"start":{"line":7,"column":20},"end":{"line":18,"column":1}},"1":{"start":{"line":25,"column":14},"end":{"line":33,"column":1}},"2":{"start":{"line":26,"column":35},"end":{"line":26,"column":40}},"3":{"start":{"line":28,"column":19},"end":{"line":30,"column":3}},"4":{"start":{"line":29,"column":4},"end":{"line":29,"column":19}},"5":{"start":{"line":32,"column":2},"end":{"line":32,"column":77}}},"fnMap":{"0":{"name":"(anonymous_0)","decl":{"start":{"line":25,"column":14},"end":{"line":25,"column":15}},"loc":{"start":{"line":25,"column":32},"end":{"line":33,"column":1}},"line":25},"1":{"name":"(anonymous_1)","decl":{"start":{"line":28,"column":19},"end":{"line":28,"column":20}},"loc":{"start":{"line":28,"column":37},"end":{"line":30,"column":3}},"line":28}},"branchMap":{},"s":{"0":3,"1":3,"2":5,"3":5,"4":0,"5":5},"f":{"0":5,"1":0},"b":{},"_coverageSchema":"1a1c01bbd47fc00a2c39e90264f33305004495a9","hash":"751dd860988a1379dab6d1aed95ecb7ce24fb0e6"}
,"/Users/hasancan/Documents/projects/apc/fetchGihubIssue/src/components/atoms/Text.tsx": {"path":"/Users/hasancan/Documents/projects/apc/fetchGihubIssue/src/components/atoms/Text.tsx","statementMap":{"0":{"start":{"line":5,"column":19},"end":{"line":8,"column":1}},"1":{"start":{"line":16,"column":13},"end":{"line":24,"column":1}},"2":{"start":{"line":17,"column":33},"end":{"line":17,"column":38}},"3":{"start":{"line":19,"column":2},"end":{"line":23,"column":4}}},"fnMap":{"0":{"name":"(anonymous_0)","decl":{"start":{"line":16,"column":13},"end":{"line":16,"column":14}},"loc":{"start":{"line":16,"column":31},"end":{"line":24,"column":1}},"line":16}},"branchMap":{},"s":{"0":5,"1":5,"2":19,"3":19},"f":{"0":19},"b":{},"_coverageSchema":"1a1c01bbd47fc00a2c39e90264f33305004495a9","hash":"cbfb326052e2e55b05dd9735401043f8a5bc432c"}
,"/Users/hasancan/Documents/projects/apc/fetchGihubIssue/src/components/molecules/Button.tsx": {"path":"/Users/hasancan/Documents/projects/apc/fetchGihubIssue/src/components/molecules/Button.tsx","statementMap":{"0":{"start":{"line":13,"column":31},"end":{"line":19,"column":1}},"1":{"start":{"line":21,"column":19},"end":{"line":23,"column":1}},"2":{"start":{"line":25,"column":28},"end":{"line":29,"column":1}},"3":{"start":{"line":38,"column":15},"end":{"line":48,"column":1}},"4":{"start":{"line":39,"column":42},"end":{"line":39,"column":47}},"5":{"start":{"line":41,"column":2},"end":{"line":47,"column":4}}},"fnMap":{"0":{"name":"(anonymous_0)","decl":{"start":{"line":38,"column":15},"end":{"line":38,"column":16}},"loc":{"start":{"line":38,"column":33},"end":{"line":48,"column":1}},"line":38}},"branchMap":{},"s":{"0":2,"1":2,"2":2,"3":2,"4":2,"5":2},"f":{"0":2},"b":{},"_coverageSchema":"1a1c01bbd47fc00a2c39e90264f33305004495a9","hash":"5ee9b82cca70dafeae622645b78fcbb2d13618ae"}
,"/Users/hasancan/Documents/projects/apc/fetchGihubIssue/src/components/molecules/FilterModal.tsx": {"path":"/Users/hasancan/Documents/projects/apc/fetchGihubIssue/src/components/molecules/FilterModal.tsx","statementMap":{"0":{"start":{"line":8,"column":27},"end":{"line":8,"column":52}},"1":{"start":{"line":10,"column":20},"end":{"line":30,"column":1}},"2":{"start":{"line":11,"column":24},"end":{"line":11,"column":39}},"3":{"start":{"line":12,"column":16},"end":{"line":12,"column":66}},"4":{"start":{"line":13,"column":28},"end":{"line":13,"column":42}},"5":{"start":{"line":14,"column":20},"end":{"line":14,"column":34}},"6":{"start":{"line":15,"column":24},"end":{"line":15,"column":38}},"7":{"start":{"line":17,"column":2},"end":{"line":29,"column":4}},"8":{"start":{"line":26,"column":8},"end":{"line":26,"column":49}}},"fnMap":{"0":{"name":"(anonymous_0)","decl":{"start":{"line":10,"column":20},"end":{"line":10,"column":21}},"loc":{"start":{"line":10,"column":38},"end":{"line":30,"column":1}},"line":10},"1":{"name":"(anonymous_1)","decl":{"start":{"line":25,"column":16},"end":{"line":25,"column":17}},"loc":{"start":{"line":25,"column":25},"end":{"line":27,"column":7}},"line":25}},"branchMap":{},"s":{"0":1,"1":1,"2":1,"3":1,"4":1,"5":1,"6":1,"7":1,"8":0},"f":{"0":1,"1":0},"b":{},"_coverageSchema":"1a1c01bbd47fc00a2c39e90264f33305004495a9","hash":"e86688f5520861896c9011e28c0b778e9f3c3f8f"}
,"/Users/hasancan/Documents/projects/apc/fetchGihubIssue/src/components/molecules/ListItems.tsx": {"path":"/Users/hasancan/Documents/projects/apc/fetchGihubIssue/src/components/molecules/ListItems.tsx","statementMap":{"0":{"start":{"line":7,"column":24},"end":{"line":11,"column":1}},"1":{"start":{"line":13,"column":23},"end":{"line":17,"column":1}},"2":{"start":{"line":19,"column":19},"end":{"line":25,"column":1}},"3":{"start":{"line":27,"column":22},"end":{"line":32,"column":1}},"4":{"start":{"line":34,"column":21},"end":{"line":37,"column":1}},"5":{"start":{"line":39,"column":30},"end":{"line":45,"column":1}},"6":{"start":{"line":47,"column":28},"end":{"line":54,"column":1}},"7":{"start":{"line":56,"column":29},"end":{"line":58,"column":1}},"8":{"start":{"line":60,"column":25},"end":{"line":66,"column":1}},"9":{"start":{"line":64,"column":13},"end":{"line":64,"column":46}},"10":{"start":{"line":68,"column":28},"end":{"line":70,"column":1}},"11":{"start":{"line":83,"column":20},"end":{"line":86,"column":1}},"12":{"start":{"line":88,"column":21},"end":{"line":88,"column":43}},"13":{"start":{"line":88,"column":36},"end":{"line":88,"column":43}},"14":{"start":{"line":90,"column":24},"end":{"line":92,"column":1}},"15":{"start":{"line":91,"column":2},"end":{"line":91,"column":34}},"16":{"start":{"line":93,"column":26},"end":{"line":112,"column":1}},"17":{"start":{"line":99,"column":21},"end":{"line":99,"column":47}},"18":{"start":{"line":100,"column":19},"end":{"line":100,"column":57}},"19":{"start":{"line":101,"column":17},"end":{"line":110,"column":4}},"20":{"start":{"line":102,"column":4},"end":{"line":104,"column":5}},"21":{"start":{"line":103,"column":6},"end":{"line":103,"column":61}},"22":{"start":{"line":105,"column":4},"end":{"line":109,"column":6}},"23":{"start":{"line":106,"column":47},"end":{"line":106,"column":76}},"24":{"start":{"line":111,"column":2},"end":{"line":111,"column":16}},"25":{"start":{"line":114,"column":18},"end":{"line":188,"column":1}},"26":{"start":{"line":123,"column":6},"end":{"line":123,"column":11}},"27":{"start":{"line":125,"column":18},"end":{"line":127,"column":43}},"28":{"start":{"line":128,"column":32},"end":{"line":128,"column":66}},"29":{"start":{"line":131,"column":27},"end":{"line":139,"column":3}},"30":{"start":{"line":132,"column":24},"end":{"line":132,"column":29}},"31":{"start":{"line":133,"column":4},"end":{"line":137,"column":5}},"32":{"start":{"line":134,"column":6},"end":{"line":134,"column":78}},"33":{"start":{"line":134,"column":43},"end":{"line":134,"column":76}},"34":{"start":{"line":135,"column":11},"end":{"line":137,"column":5}},"35":{"start":{"line":136,"column":6},"end":{"line":136,"column":76}},"36":{"start":{"line":136,"column":43},"end":{"line":136,"column":74}},"37":{"start":{"line":138,"column":4},"end":{"line":138,"column":25}},"38":{"start":{"line":141,"column":21},"end":{"line":169,"column":3}},"39":{"start":{"line":143,"column":24},"end":{"line":157,"column":5}},"40":{"start":{"line":145,"column":6},"end":{"line":154,"column":7}},"41":{"start":{"line":147,"column":10},"end":{"line":147,"column":36}},"42":{"start":{"line":148,"column":10},"end":{"line":148,"column":16}},"43":{"start":{"line":150,"column":10},"end":{"line":150,"column":34}},"44":{"start":{"line":151,"column":10},"end":{"line":151,"column":16}},"45":{"start":{"line":153,"column":10},"end":{"line":153,"column":40}},"46":{"start":{"line":156,"column":6},"end":{"line":156,"column":25}},"47":{"start":{"line":159,"column":4},"end":{"line":168,"column":6}},"48":{"start":{"line":161,"column":23},"end":{"line":161,"column":47}},"49":{"start":{"line":171,"column":2},"end":{"line":187,"column":4}}},"fnMap":{"0":{"name":"(anonymous_0)","decl":{"start":{"line":64,"column":4},"end":{"line":64,"column":5}},"loc":{"start":{"line":64,"column":13},"end":{"line":64,"column":46}},"line":64},"1":{"name":"(anonymous_1)","decl":{"start":{"line":88,"column":21},"end":{"line":88,"column":22}},"loc":{"start":{"line":88,"column":36},"end":{"line":88,"column":43}},"line":88},"2":{"name":"(anonymous_2)","decl":{"start":{"line":90,"column":24},"end":{"line":90,"column":25}},"loc":{"start":{"line":90,"column":30},"end":{"line":92,"column":1}},"line":90},"3":{"name":"(anonymous_3)","decl":{"start":{"line":93,"column":26},"end":{"line":93,"column":27}},"loc":{"start":{"line":98,"column":5},"end":{"line":112,"column":1}},"line":98},"4":{"name":"(anonymous_4)","decl":{"start":{"line":101,"column":26},"end":{"line":101,"column":27}},"loc":{"start":{"line":101,"column":56},"end":{"line":110,"column":3}},"line":101},"5":{"name":"(anonymous_5)","decl":{"start":{"line":106,"column":41},"end":{"line":106,"column":42}},"loc":{"start":{"line":106,"column":47},"end":{"line":106,"column":76}},"line":106},"6":{"name":"(anonymous_6)","decl":{"start":{"line":114,"column":18},"end":{"line":114,"column":19}},"loc":{"start":{"line":114,"column":40},"end":{"line":188,"column":1}},"line":114},"7":{"name":"(anonymous_7)","decl":{"start":{"line":131,"column":27},"end":{"line":131,"column":28}},"loc":{"start":{"line":131,"column":33},"end":{"line":139,"column":3}},"line":131},"8":{"name":"(anonymous_8)","decl":{"start":{"line":134,"column":35},"end":{"line":134,"column":36}},"loc":{"start":{"line":134,"column":43},"end":{"line":134,"column":76}},"line":134},"9":{"name":"(anonymous_9)","decl":{"start":{"line":136,"column":35},"end":{"line":136,"column":36}},"loc":{"start":{"line":136,"column":43},"end":{"line":136,"column":74}},"line":136},"10":{"name":"(anonymous_10)","decl":{"start":{"line":141,"column":21},"end":{"line":141,"column":22}},"loc":{"start":{"line":141,"column":33},"end":{"line":169,"column":3}},"line":141},"11":{"name":"(anonymous_11)","decl":{"start":{"line":143,"column":24},"end":{"line":143,"column":25}},"loc":{"start":{"line":143,"column":30},"end":{"line":157,"column":5}},"line":143},"12":{"name":"(anonymous_12)","decl":{"start":{"line":161,"column":17},"end":{"line":161,"column":18}},"loc":{"start":{"line":161,"column":23},"end":{"line":161,"column":47}},"line":161}},"branchMap":{"0":{"loc":{"start":{"line":102,"column":4},"end":{"line":104,"column":5}},"type":"if","locations":[{"start":{"line":102,"column":4},"end":{"line":104,"column":5}},{"start":{},"end":{}}],"line":102},"1":{"loc":{"start":{"line":125,"column":18},"end":{"line":127,"column":43}},"type":"cond-expr","locations":[{"start":{"line":126,"column":6},"end":{"line":126,"column":18}},{"start":{"line":127,"column":6},"end":{"line":127,"column":43}}],"line":125},"2":{"loc":{"start":{"line":126,"column":6},"end":{"line":126,"column":18}},"type":"binary-expr","locations":[{"start":{"line":126,"column":6},"end":{"line":126,"column":12}},{"start":{"line":126,"column":16},"end":{"line":126,"column":18}}],"line":126},"3":{"loc":{"start":{"line":127,"column":6},"end":{"line":127,"column":43}},"type":"binary-expr","locations":[{"start":{"line":127,"column":7},"end":{"line":127,"column":13}},{"start":{"line":127,"column":17},"end":{"line":127,"column":36}},{"start":{"line":127,"column":41},"end":{"line":127,"column":43}}],"line":127},"4":{"loc":{"start":{"line":133,"column":4},"end":{"line":137,"column":5}},"type":"if","locations":[{"start":{"line":133,"column":4},"end":{"line":137,"column":5}},{"start":{"line":135,"column":11},"end":{"line":137,"column":5}}],"line":133},"5":{"loc":{"start":{"line":135,"column":11},"end":{"line":137,"column":5}},"type":"if","locations":[{"start":{"line":135,"column":11},"end":{"line":137,"column":5}},{"start":{},"end":{}}],"line":135},"6":{"loc":{"start":{"line":145,"column":6},"end":{"line":154,"column":7}},"type":"switch","locations":[{"start":{"line":146,"column":8},"end":{"line":148,"column":16}},{"start":{"line":149,"column":8},"end":{"line":151,"column":16}},{"start":{"line":152,"column":8},"end":{"line":153,"column":40}}],"line":145},"7":{"loc":{"start":{"line":181,"column":7},"end":{"line":185,"column":7}},"type":"binary-expr","locations":[{"start":{"line":181,"column":7},"end":{"line":181,"column":11}},{"start":{"line":181,"column":15},"end":{"line":181,"column":30}},{"start":{"line":181,"column":34},"end":{"line":181,"column":51}},{"start":{"line":182,"column":8},"end":{"line":184,"column":32}}],"line":181}},"s":{"0":1,"1":1,"2":1,"3":1,"4":1,"5":1,"6":1,"7":1,"8":1,"9":6,"10":1,"11":1,"12":1,"13":6,"14":1,"15":4,"16":1,"17":2,"18":2,"19":2,"20":6,"21":2,"22":4,"23":1,"24":2,"25":1,"26":2,"27":2,"28":2,"29":2,"30":2,"31":2,"32":0,"33":0,"34":2,"35":0,"36":0,"37":2,"38":2,"39":6,"40":6,"41":0,"42":0,"43":0,"44":0,"45":6,"46":6,"47":6,"48":0,"49":2},"f":{"0":6,"1":6,"2":4,"3":2,"4":6,"5":1,"6":2,"7":2,"8":0,"9":0,"10":6,"11":6,"12":0},"b":{"0":[2,4],"1":[0,2],"2":[0,0],"3":[2,2,0],"4":[0,2],"5":[0,2],"6":[0,0,6],"7":[2,2,2,2]},"_coverageSchema":"1a1c01bbd47fc00a2c39e90264f33305004495a9","hash":"b2d54ee5a0e1b2f8ddfba1d7432bd8fc6fbbc5e5"}
,"/Users/hasancan/Documents/projects/apc/fetchGihubIssue/src/components/molecules/TextInput.tsx": {"path":"/Users/hasancan/Documents/projects/apc/fetchGihubIssue/src/components/molecules/TextInput.tsx","statementMap":{"0":{"start":{"line":8,"column":19},"end":{"line":10,"column":1}},"1":{"start":{"line":12,"column":19},"end":{"line":14,"column":1}},"2":{"start":{"line":23,"column":18},"end":{"line":32,"column":1}},"3":{"start":{"line":24,"column":50},"end":{"line":24,"column":55}},"4":{"start":{"line":26,"column":2},"end":{"line":31,"column":4}}},"fnMap":{"0":{"name":"(anonymous_0)","decl":{"start":{"line":23,"column":18},"end":{"line":23,"column":19}},"loc":{"start":{"line":23,"column":36},"end":{"line":32,"column":1}},"line":23}},"branchMap":{},"s":{"0":2,"1":2,"2":2,"3":4,"4":4},"f":{"0":4},"b":{},"_coverageSchema":"1a1c01bbd47fc00a2c39e90264f33305004495a9","hash":"ec5a23876a0bf00840b2a4670478537bd6464d81"}
,"/Users/hasancan/Documents/projects/apc/fetchGihubIssue/src/components/organisms/GithubSearchCard.tsx": {"path":"/Users/hasancan/Documents/projects/apc/fetchGihubIssue/src/components/organisms/GithubSearchCard.tsx","statementMap":{"0":{"start":{"line":7,"column":21},"end":{"line":9,"column":1}},"1":{"start":{"line":19,"column":25},"end":{"line":46,"column":1}},"2":{"start":{"line":20,"column":46},"end":{"line":20,"column":51}},"3":{"start":{"line":21,"column":29},"end":{"line":21,"column":54}},"4":{"start":{"line":22,"column":27},"end":{"line":22,"column":50}},"5":{"start":{"line":23,"column":23},"end":{"line":23,"column":38}},"6":{"start":{"line":25,"column":2},"end":{"line":45,"column":4}}},"fnMap":{"0":{"name":"(anonymous_0)","decl":{"start":{"line":19,"column":25},"end":{"line":19,"column":26}},"loc":{"start":{"line":19,"column":43},"end":{"line":46,"column":1}},"line":19}},"branchMap":{},"s":{"0":1,"1":1,"2":1,"3":1,"4":1,"5":1,"6":1},"f":{"0":1},"b":{},"_coverageSchema":"1a1c01bbd47fc00a2c39e90264f33305004495a9","hash":"e8777d56a6f96b221a5a346aa4438417d12e6d57"}
,"/Users/hasancan/Documents/projects/apc/fetchGihubIssue/src/mock/mockData.ts": {"path":"/Users/hasancan/Documents/projects/apc/fetchGihubIssue/src/mock/mockData.ts","statementMap":{"0":{"start":{"line":1,"column":27},"end":{"line":46,"column":1}}},"fnMap":{"0":{"name":"(anonymous_0)","decl":{"start":{"line":43,"column":12},"end":{"line":43,"column":13}},"loc":{"start":{"line":43,"column":18},"end":{"line":43,"column":20}},"line":43}},"branchMap":{},"s":{"0":2},"f":{"0":1},"b":{},"_coverageSchema":"1a1c01bbd47fc00a2c39e90264f33305004495a9","hash":"c6f122a9dad8abf430448939dbc312e13c8028d8"}
,"/Users/hasancan/Documents/projects/apc/fetchGihubIssue/src/redux/issuesSlice.ts": {"path":"/Users/hasancan/Documents/projects/apc/fetchGihubIssue/src/redux/issuesSlice.ts","statementMap":{"0":{"start":{"line":3,"column":25},"end":{"line":3,"column":50}},"1":{"start":{"line":24,"column":39},"end":{"line":35,"column":1}},"2":{"start":{"line":38,"column":27},"end":{"line":98,"column":1}},"3":{"start":{"line":41,"column":39},"end":{"line":41,"column":46}},"4":{"start":{"line":43,"column":4},"end":{"line":47,"column":5}},"5":{"start":{"line":44,"column":6},"end":{"line":44,"column":92}},"6":{"start":{"line":46,"column":6},"end":{"line":46,"column":75}},"7":{"start":{"line":48,"column":4},"end":{"line":96,"column":5}},"8":{"start":{"line":49,"column":23},"end":{"line":49,"column":39}},"9":{"start":{"line":50,"column":19},"end":{"line":50,"column":47}},"10":{"start":{"line":52,"column":6},"end":{"line":67,"column":7}},"11":{"start":{"line":53,"column":22},"end":{"line":53,"column":37}},"12":{"start":{"line":54,"column":8},"end":{"line":64,"column":11}},"13":{"start":{"line":55,"column":22},"end":{"line":59,"column":19}},"14":{"start":{"line":60,"column":24},"end":{"line":60,"column":77}},"15":{"start":{"line":61,"column":23},"end":{"line":61,"column":44}},"16":{"start":{"line":62,"column":27},"end":{"line":62,"column":32}},"17":{"start":{"line":63,"column":10},"end":{"line":63,"column":46}},"18":{"start":{"line":66,"column":8},"end":{"line":66,"column":18}},"19":{"start":{"line":69,"column":19},"end":{"line":69,"column":40}},"20":{"start":{"line":70,"column":6},"end":{"line":93,"column":7}},"21":{"start":{"line":74,"column":8},"end":{"line":78,"column":10}},"22":{"start":{"line":80,"column":8},"end":{"line":83,"column":9}},"23":{"start":{"line":81,"column":37},"end":{"line":81,"column":52}},"24":{"start":{"line":82,"column":10},"end":{"line":82,"column":63}},"25":{"start":{"line":84,"column":8},"end":{"line":92,"column":10}},"26":{"start":{"line":95,"column":6},"end":{"line":95,"column":72}},"27":{"start":{"line":101,"column":20},"end":{"line":143,"column":2}},"28":{"start":{"line":105,"column":17},"end":{"line":105,"column":29}},"29":{"start":{"line":109,"column":6},"end":{"line":109,"column":27}},"30":{"start":{"line":121,"column":10},"end":{"line":121,"column":24}},"31":{"start":{"line":123,"column":6},"end":{"line":123,"column":24}},"32":{"start":{"line":124,"column":6},"end":{"line":124,"column":39}},"33":{"start":{"line":125,"column":6},"end":{"line":125,"column":38}},"34":{"start":{"line":126,"column":6},"end":{"line":126,"column":28}},"35":{"start":{"line":127,"column":6},"end":{"line":127,"column":52}},"36":{"start":{"line":128,"column":6},"end":{"line":128,"column":36}},"37":{"start":{"line":129,"column":6},"end":{"line":129,"column":24}},"38":{"start":{"line":130,"column":6},"end":{"line":130,"column":24}},"39":{"start":{"line":131,"column":6},"end":{"line":131,"column":28}},"40":{"start":{"line":132,"column":6},"end":{"line":132,"column":28}},"41":{"start":{"line":133,"column":6},"end":{"line":133,"column":40}},"42":{"start":{"line":136,"column":6},"end":{"line":136,"column":28}},"43":{"start":{"line":137,"column":6},"end":{"line":137,"column":29}},"44":{"start":{"line":138,"column":6},"end":{"line":138,"column":55}},"45":{"start":{"line":139,"column":6},"end":{"line":139,"column":24}},"46":{"start":{"line":140,"column":6},"end":{"line":140,"column":22}},"47":{"start":{"line":146,"column":23},"end":{"line":146,"column":42}},"48":{"start":{"line":149,"column":30},"end":{"line":149,"column":58}},"49":{"start":{"line":149,"column":46},"end":{"line":149,"column":58}}},"fnMap":{"0":{"name":"(anonymous_0)","decl":{"start":{"line":40,"column":2},"end":{"line":40,"column":3}},"loc":{"start":{"line":40,"column":46},"end":{"line":97,"column":3}},"line":40},"1":{"name":"(anonymous_1)","decl":{"start":{"line":54,"column":25},"end":{"line":54,"column":26}},"loc":{"start":{"line":54,"column":40},"end":{"line":64,"column":9}},"line":54},"2":{"name":"(anonymous_2)","decl":{"start":{"line":105,"column":11},"end":{"line":105,"column":12}},"loc":{"start":{"line":105,"column":17},"end":{"line":105,"column":29}},"line":105},"3":{"name":"(anonymous_3)","decl":{"start":{"line":108,"column":32},"end":{"line":108,"column":33}},"loc":{"start":{"line":108,"column":41},"end":{"line":110,"column":5}},"line":108},"4":{"name":"(anonymous_4)","decl":{"start":{"line":111,"column":34},"end":{"line":111,"column":35}},"loc":{"start":{"line":111,"column":53},"end":{"line":134,"column":5}},"line":111},"5":{"name":"(anonymous_5)","decl":{"start":{"line":135,"column":33},"end":{"line":135,"column":34}},"loc":{"start":{"line":135,"column":52},"end":{"line":141,"column":5}},"line":135},"6":{"name":"(anonymous_6)","decl":{"start":{"line":149,"column":30},"end":{"line":149,"column":31}},"loc":{"start":{"line":149,"column":46},"end":{"line":149,"column":58}},"line":149}},"branchMap":{"0":{"loc":{"start":{"line":43,"column":4},"end":{"line":47,"column":5}},"type":"if","locations":[{"start":{"line":43,"column":4},"end":{"line":47,"column":5}},{"start":{"line":45,"column":11},"end":{"line":47,"column":5}}],"line":43},"1":{"loc":{"start":{"line":52,"column":6},"end":{"line":67,"column":7}},"type":"if","locations":[{"start":{"line":52,"column":6},"end":{"line":67,"column":7}},{"start":{"line":65,"column":13},"end":{"line":67,"column":7}}],"line":52},"2":{"loc":{"start":{"line":70,"column":6},"end":{"line":93,"column":7}},"type":"if","locations":[{"start":{"line":70,"column":6},"end":{"line":93,"column":7}},{"start":{"line":79,"column":13},"end":{"line":93,"column":7}}],"line":70},"3":{"loc":{"start":{"line":71,"column":8},"end":{"line":72,"column":57}},"type":"binary-expr","locations":[{"start":{"line":71,"column":9},"end":{"line":71,"column":20}},{"start":{"line":71,"column":24},"end":{"line":71,"column":50}},{"start":{"line":72,"column":8},"end":{"line":72,"column":57}}],"line":71},"4":{"loc":{"start":{"line":76,"column":12},"end":{"line":77,"column":54}},"type":"binary-expr","locations":[{"start":{"line":76,"column":12},"end":{"line":76,"column":35}},{"start":{"line":77,"column":12},"end":{"line":77,"column":54}}],"line":76},"5":{"loc":{"start":{"line":80,"column":8},"end":{"line":83,"column":9}},"type":"if","locations":[{"start":{"line":80,"column":8},"end":{"line":83,"column":9}},{"start":{},"end":{}}],"line":80},"6":{"loc":{"start":{"line":127,"column":24},"end":{"line":127,"column":51}},"type":"cond-expr","locations":[{"start":{"line":127,"column":39},"end":{"line":127,"column":43}},{"start":{"line":127,"column":46},"end":{"line":127,"column":51}}],"line":127}},"s":{"0":1,"1":1,"2":1,"3":1,"4":1,"5":0,"6":1,"7":1,"8":1,"9":1,"10":0,"11":0,"12":0,"13":0,"14":0,"15":0,"16":0,"17":0,"18":0,"19":0,"20":0,"21":0,"22":0,"23":0,"24":0,"25":0,"26":1,"27":1,"28":0,"29":2,"30":2,"31":2,"32":2,"33":2,"34":2,"35":2,"36":2,"37":2,"38":2,"39":2,"40":2,"41":2,"42":1,"43":1,"44":1,"45":1,"46":1,"47":1,"48":1,"49":1},"f":{"0":1,"1":0,"2":0,"3":2,"4":2,"5":1,"6":1},"b":{"0":[0,1],"1":[0,0],"2":[0,0],"3":[0,0,0],"4":[0,0],"5":[0,0],"6":[1,1]},"_coverageSchema":"1a1c01bbd47fc00a2c39e90264f33305004495a9","hash":"4aff2068d6cda81eded15bcdae65948770d9a4dd"}
,"/Users/hasancan/Documents/projects/apc/fetchGihubIssue/src/redux/rootReducer.ts": {"path":"/Users/hasancan/Documents/projects/apc/fetchGihubIssue/src/redux/rootReducer.ts","statementMap":{"0":{"start":{"line":4,"column":20},"end":{"line":6,"column":2}}},"fnMap":{},"branchMap":{},"s":{"0":1},"f":{},"b":{},"_coverageSchema":"1a1c01bbd47fc00a2c39e90264f33305004495a9","hash":"2006f5d314892a0ef7347b9980098d342d2aeb75"}
,"/Users/hasancan/Documents/projects/apc/fetchGihubIssue/src/redux/store.ts": {"path":"/Users/hasancan/Documents/projects/apc/fetchGihubIssue/src/redux/store.ts","statementMap":{"0":{"start":{"line":7,"column":14},"end":{"line":9,"column":2}},"1":{"start":{"line":12,"column":32},"end":{"line":12,"column":77}},"2":{"start":{"line":12,"column":51},"end":{"line":12,"column":77}},"3":{"start":{"line":13,"column":65},"end":{"line":13,"column":76}}},"fnMap":{"0":{"name":"(anonymous_0)","decl":{"start":{"line":12,"column":32},"end":{"line":12,"column":33}},"loc":{"start":{"line":12,"column":51},"end":{"line":12,"column":77}},"line":12}},"branchMap":{},"s":{"0":1,"1":1,"2":0,"3":1},"f":{"0":0},"b":{},"_coverageSchema":"1a1c01bbd47fc00a2c39e90264f33305004495a9","hash":"3afccbc2f54594b0d845a98db7c3f45e552fd27c"}
,"/Users/hasancan/Documents/projects/apc/fetchGihubIssue/src/utils/ObjectUtils.ts": {"path":"/Users/hasancan/Documents/projects/apc/fetchGihubIssue/src/utils/ObjectUtils.ts","statementMap":{"0":{"start":{"line":2,"column":2},"end":{"line":4,"column":4}}},"fnMap":{"0":{"name":"objectEmptyCheck","decl":{"start":{"line":1,"column":16},"end":{"line":1,"column":32}},"loc":{"start":{"line":1,"column":45},"end":{"line":5,"column":1}},"line":1}},"branchMap":{"0":{"loc":{"start":{"line":3,"column":4},"end":{"line":3,"column":76}},"type":"binary-expr","locations":[{"start":{"line":3,"column":4},"end":{"line":3,"column":9}},{"start":{"line":3,"column":13},"end":{"line":3,"column":44}},{"start":{"line":3,"column":48},"end":{"line":3,"column":76}}],"line":3}},"s":{"0":2},"f":{"0":2},"b":{"0":[2,2,1]},"_coverageSchema":"1a1c01bbd47fc00a2c39e90264f33305004495a9","hash":"3a64263546e67e1c3646843fbedb54d00251bd13"}
}
