TN:
SF:src/common/color.ts
FNF:0
FNH:0
DA:1,5
LF:1
LH:1
BRF:0
BRH:0
end_of_record
TN:
SF:src/components/atoms/Input.tsx
FN:25,(anonymous_0)
FN:28,(anonymous_1)
FNF:2
FNH:1
FNDA:5,(anonymous_0)
FNDA:0,(anonymous_1)
DA:7,3
DA:25,3
DA:26,5
DA:28,5
DA:29,0
DA:32,5
LF:6
LH:5
BRF:0
BRH:0
end_of_record
TN:
SF:src/components/atoms/Text.tsx
FN:16,(anonymous_0)
FNF:1
FNH:1
FNDA:19,(anonymous_0)
DA:5,5
DA:16,5
DA:17,19
DA:19,19
LF:4
LH:4
BRF:0
BRH:0
end_of_record
TN:
SF:src/components/molecules/Button.tsx
FN:38,(anonymous_0)
FNF:1
FNH:1
FNDA:2,(anonymous_0)
DA:13,2
DA:21,2
DA:25,2
DA:38,2
DA:39,2
DA:41,2
LF:6
LH:6
BRF:0
BRH:0
end_of_record
TN:
SF:src/components/molecules/FilterModal.tsx
FN:10,(anonymous_0)
FN:25,(anonymous_1)
FNF:2
FNH:1
FNDA:1,(anonymous_0)
FNDA:0,(anonymous_1)
DA:8,1
DA:10,1
DA:11,1
DA:12,1
DA:13,1
DA:14,1
DA:15,1
DA:17,1
DA:26,0
LF:9
LH:8
BRF:0
BRH:0
end_of_record
TN:
SF:src/components/molecules/ListItems.tsx
FN:64,(anonymous_0)
FN:88,(anonymous_1)
FN:90,(anonymous_2)
FN:93,(anonymous_3)
FN:101,(anonymous_4)
FN:106,(anonymous_5)
FN:114,(anonymous_6)
FN:131,(anonymous_7)
FN:134,(anonymous_8)
FN:136,(anonymous_9)
FN:141,(anonymous_10)
FN:143,(anonymous_11)
FN:161,(anonymous_12)
FNF:13
FNH:10
FNDA:6,(anonymous_0)
FNDA:6,(anonymous_1)
FNDA:4,(anonymous_2)
FNDA:2,(anonymous_3)
FNDA:6,(anonymous_4)
FNDA:1,(anonymous_5)
FNDA:2,(anonymous_6)
FNDA:2,(anonymous_7)
FNDA:0,(anonymous_8)
FNDA:0,(anonymous_9)
FNDA:6,(anonymous_10)
FNDA:6,(anonymous_11)
FNDA:0,(anonymous_12)
DA:7,1
DA:13,1
DA:19,1
DA:27,1
DA:34,1
DA:39,1
DA:47,1
DA:56,1
DA:60,1
DA:64,6
DA:68,1
DA:83,1
DA:88,6
DA:90,1
DA:91,4
DA:93,1
DA:99,2
DA:100,2
DA:101,2
DA:102,6
DA:103,2
DA:105,4
DA:106,1
DA:111,2
DA:114,1
DA:123,2
DA:125,2
DA:128,2
DA:131,2
DA:132,2
DA:133,2
DA:134,0
DA:135,2
DA:136,0
DA:138,2
DA:141,2
DA:143,6
DA:145,6
DA:147,0
DA:148,0
DA:150,0
DA:151,0
DA:153,6
DA:156,6
DA:159,6
DA:161,0
DA:171,2
LF:47
LH:40
BRDA:102,0,0,2
BRDA:102,0,1,4
BRDA:125,1,0,0
BRDA:125,1,1,2
BRDA:126,2,0,0
BRDA:126,2,1,0
BRDA:127,3,0,2
BRDA:127,3,1,2
BRDA:127,3,2,0
BRDA:133,4,0,0
BRDA:133,4,1,2
BRDA:135,5,0,0
BRDA:135,5,1,2
BRDA:145,6,0,0
BRDA:145,6,1,0
BRDA:145,6,2,6
BRDA:181,7,0,2
BRDA:181,7,1,2
BRDA:181,7,2,2
BRDA:181,7,3,2
BRF:20
BRH:12
end_of_record
TN:
SF:src/components/molecules/TextInput.tsx
FN:23,(anonymous_0)
FNF:1
FNH:1
FNDA:4,(anonymous_0)
DA:8,2
DA:12,2
DA:23,2
DA:24,4
DA:26,4
LF:5
LH:5
BRF:0
BRH:0
end_of_record
TN:
SF:src/components/organisms/GithubSearchCard.tsx
FN:19,(anonymous_0)
FNF:1
FNH:1
FNDA:1,(anonymous_0)
DA:7,1
DA:19,1
DA:20,1
DA:21,1
DA:22,1
DA:23,1
DA:25,1
LF:7
LH:7
BRF:0
BRH:0
end_of_record
TN:
SF:src/mock/mockData.ts
FN:43,(anonymous_0)
FNF:1
FNH:1
FNDA:1,(anonymous_0)
DA:1,2
LF:1
LH:1
BRF:0
BRH:0
end_of_record
TN:
SF:src/redux/issuesSlice.ts
FN:40,(anonymous_0)
FN:54,(anonymous_1)
FN:105,(anonymous_2)
FN:108,(anonymous_3)
FN:111,(anonymous_4)
FN:135,(anonymous_5)
FN:149,(anonymous_6)
FNF:7
FNH:5
FNDA:1,(anonymous_0)
FNDA:0,(anonymous_1)
FNDA:0,(anonymous_2)
FNDA:2,(anonymous_3)
FNDA:2,(anonymous_4)
FNDA:1,(anonymous_5)
FNDA:1,(anonymous_6)
DA:3,1
DA:24,1
DA:38,1
DA:41,1
DA:43,1
DA:44,0
DA:46,1
DA:48,1
DA:49,1
DA:50,1
DA:52,0
DA:53,0
DA:54,0
DA:55,0
DA:60,0
DA:61,0
DA:62,0
DA:63,0
DA:66,0
DA:69,0
DA:70,0
DA:74,0
DA:80,0
DA:81,0
DA:82,0
DA:84,0
DA:95,1
DA:101,1
DA:105,0
DA:109,2
DA:121,2
DA:123,2
DA:124,2
DA:125,2
DA:126,2
DA:127,2
DA:128,2
DA:129,2
DA:130,2
DA:131,2
DA:132,2
DA:133,2
DA:136,1
DA:137,1
DA:138,1
DA:139,1
DA:140,1
DA:146,1
DA:149,1
LF:49
LH:31
BRDA:43,0,0,0
BRDA:43,0,1,1
BRDA:52,1,0,0
BRDA:52,1,1,0
BRDA:70,2,0,0
BRDA:70,2,1,0
BRDA:71,3,0,0
BRDA:71,3,1,0
BRDA:71,3,2,0
BRDA:76,4,0,0
BRDA:76,4,1,0
BRDA:80,5,0,0
BRDA:80,5,1,0
BRDA:127,6,0,1
BRDA:127,6,1,1
BRF:15
BRH:3
end_of_record
TN:
SF:src/redux/rootReducer.ts
FNF:0
FNH:0
DA:4,1
LF:1
LH:1
BRF:0
BRH:0
end_of_record
TN:
SF:src/redux/store.ts
FN:12,(anonymous_0)
FNF:1
FNH:0
FNDA:0,(anonymous_0)
DA:7,1
DA:12,1
DA:13,1
LF:3
LH:3
BRF:0
BRH:0
end_of_record
TN:
SF:src/utils/ObjectUtils.ts
FN:1,objectEmptyCheck
FNF:1
FNH:1
FNDA:2,objectEmptyCheck
DA:2,2
LF:1
LH:1
BRDA:3,0,0,2
BRDA:3,0,1,2
BRDA:3,0,2,1
BRF:3
BRH:3
end_of_record
